{"level":"error","message":"User with given email already exists","timestamp":"2023-09-30T09:16:59.635Z"}
{"level":"error","message":"User with given email already exists","timestamp":"2023-09-30T09:17:27.697Z"}
{"level":"error","message":"\"User Name\" is required","timestamp":"2023-09-30T11:38:39.234Z"}
{"level":"error","message":"User with given email already exists","timestamp":"2023-09-30T11:39:19.101Z"}
{"level":"error","message":"User with given email already exists","timestamp":"2023-09-30T11:41:14.752Z"}
{"level":"error","message":"\"User Name\" is required","timestamp":"2023-09-30T11:43:09.378Z"}
{"level":"error","message":"User with given email already exists","timestamp":"2023-09-30T11:44:30.824Z"}
{"level":"error","message":"\"User Name\" is required","timestamp":"2023-09-30T11:45:20.991Z"}
{"level":"error","message":"Invalid Email ","timestamp":"2023-10-01T06:01:19.522Z"}
{"level":"error","message":"\"Password\" should be at least 8 characters long","timestamp":"2023-10-01T06:02:22.947Z"}
{"level":"error","message":"Invalid Password","timestamp":"2023-10-01T06:02:36.441Z"}
{"level":"error","message":"Internal Server Error","timestamp":"2023-10-01T06:40:36.309Z"}
{"level":"error","message":"Internal Server Error","timestamp":"2023-10-01T06:40:48.081Z"}
{"level":"error","message":"Internal Server Error","timestamp":"2023-10-01T06:42:19.891Z"}
{"level":"error","message":"Internal Server Error","timestamp":"2023-10-01T06:42:32.646Z"}
{"level":"error","message":"User with given email already exists","timestamp":"2023-10-01T07:27:37.920Z"}
{"level":"error","message":"Invalid Password","timestamp":"2023-10-01T07:31:15.513Z"}
{"level":"error","message":"Invalid Email ","timestamp":"2023-10-01T07:31:30.419Z"}
{"level":"error","message":"User with given email already exists","timestamp":"2023-10-01T07:33:49.724Z"}
{"level":"error","message":"User with given email already exists","timestamp":"2023-10-01T07:33:55.742Z"}
{"level":"error","message":"couldn't connect to database","timestamp":"2023-10-03T05:56:41.314Z"}
{"level":"error","message":"couldn't connect to database","timestamp":"2023-10-03T05:59:01.551Z"}
{"level":"error","message":"couldn't connect to database","timestamp":"2023-10-03T06:01:21.850Z"}
{"level":"error","message":"couldn't connect to database","timestamp":"2023-10-03T06:04:17.276Z"}
{"level":"error","message":"Internal Server Error","timestamp":"2023-10-03T06:59:39.596Z"}
{"level":"error","message":"Internal Server Error","timestamp":"2023-10-03T07:00:37.643Z"}
{"level":"error","message":"Internal Server Error","timestamp":"2023-10-03T07:01:47.172Z"}
{"level":"error","message":"\"User Name\" is required","timestamp":"2023-10-03T07:02:58.262Z"}
{"level":"error","message":"\"User Name\" is required","timestamp":"2023-10-03T07:03:56.150Z"}
{"level":"error","message":"\"User Name\" is required","timestamp":"2023-10-03T07:04:17.268Z"}
{"level":"error","message":"Internal Server Error","timestamp":"2023-10-03T07:04:43.902Z"}
{"level":"error","message":"Internal Server Error","timestamp":"2023-10-03T07:05:01.434Z"}
{"level":"error","message":"\"User Name\" is required","timestamp":"2023-10-03T07:05:13.111Z"}
{"level":"error","message":"Internal Server Error","timestamp":"2023-10-03T07:05:56.078Z"}
{"level":"error","message":"Internal Server Error","timestamp":"2023-10-03T07:05:57.065Z"}
{"level":"error","message":"\"User Name\" is required","timestamp":"2023-10-03T07:06:34.929Z"}
{"level":"error","message":"\"User Name\" is required","timestamp":"2023-10-03T07:11:51.781Z"}
{"level":"error","message":"\"User Name\" is required","timestamp":"2023-10-03T07:11:52.400Z"}
{"level":"error","message":"Internal Server Error","timestamp":"2023-10-03T07:16:54.001Z"}
{"level":"error","message":"\"User Name\" is required","timestamp":"2023-10-03T07:17:02.422Z"}
{"level":"error","message":"\"User Name\" is required","timestamp":"2023-10-03T07:17:03.143Z"}
{"level":"error","message":"\"User Name\" is required","timestamp":"2023-10-03T07:17:03.659Z"}
{"level":"error","message":"\"User Name\" is required","timestamp":"2023-10-03T07:17:04.223Z"}
{"level":"error","message":"Internal Server Error","timestamp":"2023-10-03T07:17:57.274Z"}
{"level":"error","message":"Internal Server Error","timestamp":"2023-10-03T07:17:58.409Z"}
{"level":"error","message":"User with given email already exists","timestamp":"2023-10-03T07:22:29.007Z"}
{"level":"error","message":"Internal Server Error","timestamp":"2023-10-03T07:22:58.744Z"}
{"level":"error","message":"User with given email already exists","timestamp":"2023-10-03T07:23:02.042Z"}
{"level":"error","message":"User with given email already exists","timestamp":"2023-10-03T07:23:02.698Z"}
{"level":"error","message":"User with given email already exists","timestamp":"2023-10-03T07:23:03.216Z"}
{"level":"error","message":"User with given email already exists","timestamp":"2023-10-03T07:23:03.669Z"}
{"level":"error","message":"User with given email already exists","timestamp":"2023-10-03T07:23:04.117Z"}
{"level":"error","message":"Internal Server Error","timestamp":"2023-10-03T07:23:11.817Z"}
{"level":"error","message":"Internal Server Error","timestamp":"2023-10-03T07:23:12.947Z"}
{"level":"error","message":"Internal Server Error","timestamp":"2023-10-03T07:23:13.718Z"}
{"level":"error","message":"User with given email already exists","timestamp":"2023-10-03T07:32:49.713Z"}
{"level":"error","message":"User with given email already exists","timestamp":"2023-10-03T08:46:19.108Z"}
{"level":"error","message":"User with given email already exists","timestamp":"2023-10-03T08:48:35.721Z"}
{"level":"error","message":"User with given email already exists","timestamp":"2023-10-03T08:49:43.843Z"}
{"level":"error","message":"Internal Server Error","timestamp":"2023-10-03T08:51:41.115Z"}
{"level":"error","message":"User with given email already exists","timestamp":"2023-10-03T09:03:28.281Z"}
{"level":"error","message":"User with given email already exists","timestamp":"2023-10-03T09:06:04.836Z"}
{"level":"error","message":"Internal Server Error","timestamp":"2023-10-03T09:06:11.439Z"}
{"level":"error","message":"Internal Server Error","timestamp":"2023-10-03T09:06:12.764Z"}
{"level":"error","message":"Internal Server Error","timestamp":"2023-10-03T09:06:13.396Z"}
{"level":"error","message":"Invalid Email ","timestamp":"2023-10-03T09:08:19.542Z"}
{"level":"error","message":"User with given email already exists","timestamp":"2023-10-03T09:08:22.725Z"}
{"level":"error","message":"user not found","timestamp":"2023-10-03T09:09:14.214Z"}
{"level":"error","message":"Internal Server Error","timestamp":"2023-10-03T09:09:52.340Z"}
{"level":"error","message":"Internal Server Error","timestamp":"2023-10-03T09:09:53.577Z"}
{"level":"error","message":"Internal Server Error","timestamp":"2023-10-03T09:09:54.500Z"}
{"level":"error","message":"Internal Server Error","timestamp":"2023-10-03T09:09:55.290Z"}
{"level":"error","message":"Internal Server Error","timestamp":"2023-10-03T09:10:32.057Z"}
{"level":"error","message":"Internal Server Error","timestamp":"2023-10-03T09:10:50.620Z"}
{"level":"error","message":"Internal Server Error","timestamp":"2023-10-03T09:10:51.547Z"}
{"level":"error","message":"Internal Server Error","timestamp":"2023-10-03T09:11:11.276Z"}
{"level":"error","message":"Internal Server Error","timestamp":"2023-10-03T09:11:12.060Z"}
{"level":"error","message":"Internal Server Error","timestamp":"2023-10-03T09:11:34.103Z"}
{"level":"error","message":"Internal Server Error","timestamp":"2023-10-03T09:11:35.175Z"}
{"level":"error","message":"Internal Server Error","timestamp":"2023-10-03T09:11:35.968Z"}
{"level":"error","message":"Internal Server Error","timestamp":"2023-10-03T09:11:47.285Z"}
{"level":"error","message":"Internal Server Error","timestamp":"2023-10-03T09:11:48.199Z"}
{"level":"error","message":"Internal Server Error","timestamp":"2023-10-03T09:11:53.494Z"}
{"level":"error","message":"Internal Server Error","timestamp":"2023-10-03T09:12:24.664Z"}
{"level":"error","message":"Internal Server Error","timestamp":"2023-10-03T09:12:25.517Z"}
{"level":"error","message":"Internal Server Error","timestamp":"2023-10-03T09:12:26.209Z"}
{"level":"error","message":"Internal Server Error","timestamp":"2023-10-03T09:13:41.979Z"}
{"level":"error","message":"Internal Server Error","timestamp":"2023-10-03T09:13:43.797Z"}
{"level":"error","message":"User with given email already exists","timestamp":"2023-10-03T09:14:30.728Z"}
{"level":"error","message":"User with given email already exists","timestamp":"2023-10-03T09:14:40.743Z"}
{"level":"error","message":"Internal Server Error","timestamp":"2023-10-03T09:16:44.497Z"}
{"level":"error","message":"Internal Server Error","timestamp":"2023-10-03T09:16:45.860Z"}
{"level":"error","message":"Internal Server Error","timestamp":"2023-10-03T09:17:01.912Z"}
{"level":"error","message":"Internal Server Error","timestamp":"2023-10-03T09:17:02.821Z"}
{"level":"error","message":"Internal Server Error","timestamp":"2023-10-03T09:17:22.680Z"}
{"level":"error","message":"Internal Server Error","timestamp":"2023-10-03T09:17:23.635Z"}
{"level":"error","message":"Internal Server Error","timestamp":"2023-10-03T09:17:25.125Z"}
{"level":"error","message":"Internal Server Error","timestamp":"2023-10-03T09:17:35.581Z"}
{"level":"error","message":"Internal Server Error","timestamp":"2023-10-03T09:18:11.974Z"}
{"level":"error","message":"Internal Server Error","timestamp":"2023-10-03T09:18:12.840Z"}
{"level":"error","message":"Internal Server Error","timestamp":"2023-10-03T09:18:36.947Z"}
{"level":"error","message":"Internal Server Error","timestamp":"2023-10-03T09:18:37.776Z"}
{"level":"error","message":"Internal Server Error","timestamp":"2023-10-03T09:19:17.176Z"}
{"level":"error","message":"Internal Server Error","timestamp":"2023-10-03T09:19:18.249Z"}
{"level":"error","message":"Internal Server Error","timestamp":"2023-10-03T09:19:27.536Z"}
{"level":"error","message":"user not found","timestamp":"2023-10-03T09:52:14.313Z"}
{"level":"error","message":"user not found","timestamp":"2023-10-03T09:52:49.786Z"}
{"level":"error","message":"user not found","timestamp":"2023-10-03T09:53:15.871Z"}
{"level":"error","message":"user not found","timestamp":"2023-10-03T09:53:44.005Z"}
{"level":"error","message":"Internal Server Error","timestamp":"2023-10-03T09:54:07.096Z"}
{"level":"error","message":"user not found","timestamp":"2023-10-03T09:54:30.943Z"}
{"level":"error","message":"Internal Server Error","timestamp":"2023-10-03T09:55:42.472Z"}
{"level":"error","message":"Internal Server Error","timestamp":"2023-10-03T09:58:51.871Z"}
{"level":"error","message":"Internal Server Error","timestamp":"2023-10-03T10:00:13.995Z"}
{"level":"error","message":"Internal Server Error","timestamp":"2023-10-03T10:01:57.016Z"}
{"level":"error","message":"Internal Server Error","timestamp":"2023-10-03T10:03:35.923Z"}
{"level":"error","message":"User is not authorized","timestamp":"2023-10-03T10:04:51.262Z"}
{"level":"error","message":"User is not authorized or token is missing","timestamp":"2023-10-03T10:04:51.263Z"}
{"level":"error","message":"Internal Server Error","timestamp":"2023-10-03T10:05:17.509Z"}
{"level":"error","message":"Internal Server Error","timestamp":"2023-10-03T10:05:33.865Z"}
{"level":"error","message":"Internal Server Error","timestamp":"2023-10-03T10:05:45.493Z"}
{"level":"error","message":"Internal Server Error","timestamp":"2023-10-03T10:06:59.649Z"}
{"level":"error","message":"Internal Server Error","timestamp":"2023-10-03T10:08:57.128Z"}
{"level":"error","message":"Internal Server Error","timestamp":"2023-10-03T10:14:37.193Z"}
{"level":"error","message":"Internal Server Error","timestamp":"2023-10-03T10:14:43.725Z"}
{"level":"error","message":"Internal Server Error","timestamp":"2023-10-03T10:18:08.836Z"}
{"level":"error","message":"Internal Server Error","timestamp":"2023-10-03T10:18:55.392Z"}
{"level":"error","message":"Internal Server Error","timestamp":"2023-10-03T10:19:15.485Z"}
{"level":"error","message":"Internal Server Error","timestamp":"2023-10-03T10:19:35.924Z"}
{"level":"error","message":"Internal Server Error","timestamp":"2023-10-03T10:20:03.095Z"}
{"level":"error","message":"Internal Server Error","timestamp":"2023-10-03T10:20:47.106Z"}
{"level":"error","message":"user not found","timestamp":"2023-10-03T10:20:57.238Z"}
{"level":"error","message":"Internal Server Error","timestamp":"2023-10-03T10:21:00.708Z"}
